<?xml version="1.0" encoding="UTF-8"?>
<Site BuildName="Linux-g++-7"
	BuildStamp="20200913-0606-Experimental"
	Name="Kenzie-Laptop"
	Generator="ctest-3.10.2"
	CompilerName="/usr/bin/g++-7"
	CompilerVersion="7.4.0"
	OSName="Linux"
	Hostname="Kenzie-Laptop"
	OSRelease="4.4.0-18362-Microsoft"
	OSVersion="#1049-Microsoft Thu Aug 14 12:01:00 PST 2020"
	OSPlatform="x86_64"
	Is64Bits="1"
	VendorString="GenuineIntel"
	VendorID="Intel Corporation"
	FamilyID="6"
	ModelID="142"
	ProcessorCacheSize="256"
	NumberOfLogicalCPU="8"
	NumberOfPhysicalCPU="4"
	TotalVirtualMemory="24576"
	TotalPhysicalMemory="8007"
	LogicalProcessorsPerPhysical="2"
	ProcessorClockFrequency="1801"
	>
	<Testing>
		<StartDateTime>Sep 12 23:06 PDT</StartDateTime>
		<StartTestTime>1599977164</StartTestTime>
		<TestList/>
		<EndDateTime>Sep 12 23:06 PDT</EndDateTime>
		<EndTestTime>1599977164</EndTestTime>
		<ElapsedMinutes>0</ElapsedMinutes>
	</Testing>
</Site>
